0 info it worked if it ends with ok
1 verbose cli [ 'C:\\Program Files\\nodejs\\node.exe',
1 verbose cli   'C:\\Program Files\\nodejs\\node_modules\\npm\\bin\\npm-cli.js',
1 verbose cli   'install',
1 verbose cli   '--save',
1 verbose cli   './models' ]
2 info using npm@3.10.10
3 info using node@v6.11.3
4 silly loadCurrentTree Starting
5 silly install loadCurrentTree
6 silly install readLocalPackageData
7 silly fetchPackageMetaData ./models
8 silly fetchOtherPackageData ./models
9 silly cache add args [ './models', null ]
10 verbose cache add spec ./models
11 silly cache add parsed spec Result {
11 silly cache add   raw: './models',
11 silly cache add   scope: null,
11 silly cache add   escapedName: null,
11 silly cache add   name: null,
11 silly cache add   rawSpec: './models',
11 silly cache add   spec: 'D:\\NodeProj\\Test\\models',
11 silly cache add   type: 'local' }
12 error addLocal Could not install D:\NodeProj\Test\models
13 silly fetchPackageMetaData Error: EISDIR: illegal operation on a directory, read
13 silly fetchPackageMetaData     at Error (native)
13 silly fetchPackageMetaData  error for ./models { Error: EISDIR: illegal operation on a directory, read
13 silly fetchPackageMetaData     at Error (native) errno: -4068, code: 'EISDIR', syscall: 'read' }
14 silly rollbackFailedOptional Starting
15 silly rollbackFailedOptional Finishing
16 silly runTopLevelLifecycles Finishing
17 silly install printInstalled
18 verbose stack Error: EISDIR: illegal operation on a directory, read
18 verbose stack     at Error (native)
19 verbose cwd D:\NodeProj\Test
20 error Windows_NT 10.0.15063
21 error argv "C:\\Program Files\\nodejs\\node.exe" "C:\\Program Files\\nodejs\\node_modules\\npm\\bin\\npm-cli.js" "install" "--save" "./models"
22 error node v6.11.3
23 error npm  v3.10.10
24 error code EISDIR
25 error errno -4068
26 error syscall read
27 error eisdir EISDIR: illegal operation on a directory, read
28 error eisdir This is most likely not a problem with npm itself
28 error eisdir and is related to npm not being able to find a package.json in
28 error eisdir a package you are trying to install.
29 verbose exit [ -4068, true ]
